<?xml version="1.0" encoding="UTF-8"?>
<!-- Generated by org.testng.reporters.JUnitReportReporter -->
<testsuite hostname="DESKTOP-5MRMMFR" failures="0" tests="1" name="dwsTestscript.CreateFbAccount" time="95.827" errors="0" timestamp="2024-08-08T07:04:25 IST" skipped="0">
  <testcase classname="dwsTestscript.CreateFbAccount" name="fbAccount" time="95.827">
    <system-out>
      <![CDATA[Dws page is verified]]>
    </system-out>
  </testcase> <!-- fbAccount -->
  <system-out>
    <![CDATA[Dws page is verified]]>
  </system-out>
</testsuite> <!-- dwsTestscript.CreateFbAccount -->
